SF:/Users/marcio.padovani/Projetos/ScoreGame/terafy/server/lib/features/home/home.controller.dart
DA:7,1
DA:12,1
DA:13,1
DA:17,9
DA:29,2
DA:37,2
DA:38,8
DA:39,2
DA:41,6
DA:42,8
DA:44,4
DA:51,2
DA:54,4
DA:61,2
DA:66,8
DA:67,2
DA:68,4
DA:69,2
DA:70,2
DA:71,2
DA:72,2
DA:73,2
DA:74,2
DA:75,2
DA:76,2
DA:77,2
DA:80,2
DA:81,6
DA:84,12
DA:85,2
DA:87,12
DA:88,2
DA:90,10
DA:91,10
DA:92,6
DA:94,4
DA:95,4
DA:96,4
DA:99,2
DA:101,2
DA:102,8
DA:104,4
DA:112,2
DA:114,6
DA:116,0
DA:117,0
DA:119,0
DA:124,4
DA:125,2
DA:126,10
DA:130,4
DA:131,6
DA:134,2
DA:136,2
DA:139,6
DA:145,2
DA:146,6
DA:149,0
DA:150,0
DA:155,2
DA:157,6
DA:160,10
DA:161,2
DA:164,4
DA:166,4
DA:171,2
DA:174,4
DA:177,0
DA:183,6
DA:184,2
DA:185,4
DA:186,2
DA:187,2
DA:188,2
DA:189,4
DA:190,2
DA:191,8
DA:194,2
DA:195,2
DA:197,2
DA:208,0
DA:209,0
DA:210,0
LF:83
LH:74
end_of_record
SF:/Users/marcio.padovani/Projetos/ScoreGame/terafy/server/lib/features/schedule/schedule.repository.dart
DA:7,9
DA:11,1
DA:17,3
DA:19,1
DA:21,1
DA:24,1
DA:25,1
DA:43,1
DA:46,1
DA:50,3
DA:54,1
DA:60,3
DA:62,1
DA:64,2
DA:67,1
DA:69,1
DA:70,1
DA:133,2
DA:134,1
DA:138,2
DA:147,6
DA:149,1
DA:151,2
DA:159,2
DA:160,2
DA:195,2
DA:198,10
DA:202,1
DA:209,1
DA:210,3
DA:212,1
DA:214,1
DA:217,1
DA:218,1
DA:250,1
DA:253,1
DA:257,3
DA:261,2
DA:268,6
DA:270,1
DA:272,2
DA:276,0
DA:280,2
DA:282,2
DA:284,2
DA:285,2
DA:368,6
DA:372,1
DA:380,3
DA:382,1
DA:384,1
DA:388,0
DA:392,1
DA:394,1
DA:396,1
DA:397,1
DA:451,2
DA:454,1
DA:458,3
DA:462,1
DA:469,3
DA:471,1
DA:473,1
DA:476,1
DA:477,1
DA:478,1
DA:481,1
LF:67
LH:65
end_of_record
SF:/Users/marcio.padovani/Projetos/ScoreGame/terafy/server/lib/features/session/session.repository.dart
DA:9,9
DA:13,2
DA:20,2
DA:21,6
DA:23,0
DA:25,2
DA:29,0
DA:33,2
DA:37,2
DA:38,2
DA:39,4
DA:41,0
DA:44,2
DA:45,2
DA:46,4
DA:48,0
DA:51,2
DA:52,2
DA:53,4
DA:55,0
DA:58,2
DA:59,2
DA:178,2
DA:179,0
DA:182,6
DA:186,1
DA:193,1
DA:194,3
DA:196,0
DA:198,1
DA:201,1
DA:202,1
DA:245,1
DA:248,1
DA:252,3
DA:256,2
DA:268,2
DA:269,6
DA:271,0
DA:273,2
DA:281,2
DA:325,2
DA:328,1
DA:329,1
DA:333,2
DA:334,2
DA:338,0
DA:339,0
DA:343,1
DA:344,1
DA:348,0
DA:349,0
DA:353,0
DA:354,0
DA:357,2
DA:359,6
DA:361,10
DA:365,1
DA:373,1
DA:374,3
DA:376,0
DA:378,1
DA:382,0
DA:386,1
DA:388,1
DA:392,1
DA:393,1
DA:394,2
DA:396,0
DA:399,1
DA:400,1
DA:401,2
DA:403,0
DA:406,1
DA:407,1
DA:408,2
DA:410,0
DA:413,1
DA:414,1
DA:493,2
DA:496,1
DA:500,3
DA:504,1
DA:511,1
DA:512,3
DA:514,0
DA:516,1
DA:519,1
DA:520,1
DA:521,1
DA:524,1
DA:528,1
DA:535,1
DA:536,3
DA:538,0
DA:540,1
DA:543,1
DA:544,1
DA:549,1
DA:552,1
DA:556,3
LF:101
LH:80
end_of_record
SF:/Users/marcio.padovani/Projetos/ScoreGame/terafy/server/lib/features/patient/patient.repository.dart
DA:9,10
DA:11,2
DA:18,6
DA:20,2
DA:22,2
DA:30,2
DA:69,2
DA:71,2
DA:72,2
DA:75,2
DA:77,2
DA:78,8
DA:79,2
DA:82,4
DA:83,2
DA:84,2
DA:85,2
DA:89,2
DA:90,10
DA:97,3
DA:104,9
DA:106,2
DA:108,3
DA:111,3
DA:112,3
DA:151,3
DA:154,3
DA:158,9
DA:162,9
DA:170,8
DA:177,8
DA:179,24
DA:181,5
DA:183,7
DA:187,0
DA:191,8
DA:193,8
DA:194,8
DA:294,40
DA:297,16
DA:298,8
DA:302,2
DA:310,6
DA:312,1
DA:314,2
DA:318,0
DA:324,2
DA:326,2
DA:333,4
DA:338,2
DA:340,2
DA:341,2
DA:411,2
DA:413,2
DA:414,4
DA:415,4
DA:419,2
DA:423,6
DA:427,2
DA:434,6
DA:436,2
DA:438,2
DA:443,2
DA:445,2
DA:452,4
DA:457,2
DA:458,2
DA:459,2
DA:462,2
LF:69
LH:67
end_of_record
SF:/Users/marcio.padovani/Projetos/ScoreGame/terafy/server/lib/core/config/env_config.dart
DA:10,4
DA:13,4
DA:16,4
DA:17,4
DA:18,8
DA:19,16
DA:21,0
DA:22,0
DA:30,12
DA:33,18
DA:36,3
DA:40,0
DA:41,0
DA:45,12
DA:46,12
DA:48,0
DA:52,12
DA:53,12
DA:57,0
DA:58,0
DA:60,0
DA:64,0
DA:65,0
LF:23
LH:13
end_of_record
SF:/Users/marcio.padovani/Projetos/ScoreGame/terafy/server/lib/core/database/connection_pool.dart
DA:11,69
DA:12,46
DA:13,23
DA:25,0
DA:26,0
DA:28,0
DA:31,0
DA:33,0
DA:34,0
DA:36,0
DA:40,0
DA:43,0
DA:45,0
DA:53,0
DA:54,0
DA:55,0
DA:59,0
DA:62,0
DA:63,0
DA:64,0
DA:65,0
DA:70,0
DA:71,0
DA:73,0
DA:74,0
DA:75,0
DA:76,0
DA:79,0
DA:86,0
DA:87,0
DA:88,0
DA:91,0
DA:92,0
DA:93,0
DA:100,12
DA:101,24
DA:102,12
DA:106,0
DA:109,0
DA:112,0
DA:113,0
DA:114,0
DA:118,0
DA:122,0
DA:123,0
DA:124,0
DA:125,0
DA:126,0
DA:127,0
DA:129,0
DA:130,0
DA:131,0
DA:133,0
DA:134,0
DA:138,0
DA:139,0
DA:140,0
DA:144,0
DA:148,0
DA:149,0
DA:150,0
DA:151,0
DA:152,0
DA:153,0
DA:154,0
DA:160,0
DA:161,0
DA:162,0
DA:165,0
DA:166,0
DA:167,0
DA:168,0
DA:173,0
DA:174,0
DA:175,0
DA:176,0
DA:180,0
DA:182,0
DA:183,0
DA:184,0
DA:185,0
DA:188,0
DA:189,0
DA:190,0
DA:191,0
DA:192,0
DA:198,0
DA:200,0
DA:203,0
DA:208,0
DA:209,0
DA:212,0
DA:213,0
DA:215,0
DA:218,0
DA:219,0
DA:221,0
DA:223,0
DA:224,0
DA:225,0
DA:229,0
DA:230,0
DA:231,0
DA:232,0
DA:233,0
DA:234,0
DA:235,0
LF:107
LH:6
end_of_record
SF:/Users/marcio.padovani/Projetos/ScoreGame/terafy/server/lib/core/database/db_connection.dart
DA:12,0
DA:13,0
DA:20,12
DA:21,12
DA:23,12
DA:25,24
DA:33,0
DA:34,0
DA:38,0
DA:39,0
DA:43,0
DA:44,0
LF:12
LH:4
end_of_record
SF:/Users/marcio.padovani/Projetos/ScoreGame/terafy/server/lib/core/database/rls_context.dart
DA:28,9
DA:34,9
DA:37,18
DA:41,9
DA:46,9
DA:49,9
DA:57,6
DA:58,6
DA:59,6
DA:60,6
DA:63,9
DA:68,9
DA:69,9
DA:70,9
LF:14
LH:14
end_of_record
SF:/Users/marcio.padovani/Projetos/ScoreGame/terafy/server/lib/core/middleware/cors_middleware.dart
DA:8,8
DA:9,8
DA:10,8
DA:12,16
DA:13,0
DA:17,8
DA:20,16
DA:30,24
LF:8
LH:7
end_of_record
SF:/Users/marcio.padovani/Projetos/ScoreGame/terafy/server/lib/core/middleware/auth_middleware.dart
DA:5,8
DA:6,8
DA:7,8
DA:9,8
DA:15,16
DA:18,16
DA:19,16
DA:22,16
DA:24,8
DA:29,8
DA:30,0
DA:31,0
DA:39,8
DA:44,16
DA:45,8
DA:46,16
DA:49,8
DA:50,8
DA:53,0
DA:56,0
DA:61,8
DA:62,8
DA:63,0
DA:66,0
DA:72,8
DA:74,8
DA:76,2
DA:82,8
DA:83,8
DA:84,8
DA:85,16
DA:86,16
DA:87,16
DA:88,23
DA:92,8
DA:98,17
DA:99,34
DA:100,17
DA:103,17
DA:104,34
DA:107,0
DA:108,0
DA:111,17
DA:112,34
DA:113,34
DA:121,0
DA:122,0
DA:123,0
DA:124,0
DA:127,0
DA:130,0
DA:134,0
LF:52
LH:37
end_of_record
SF:/Users/marcio.padovani/Projetos/ScoreGame/terafy/server/lib/features/auth/auth.handler.dart
DA:20,10
DA:25,40
DA:28,9
DA:29,9
DA:32,10
DA:33,10
DA:35,10
DA:36,10
DA:37,1
DA:40,10
DA:41,10
DA:42,10
DA:45,2
DA:48,20
DA:50,18
DA:51,9
DA:52,9
DA:53,18
DA:55,3
DA:56,9
DA:58,1
DA:59,1
DA:60,2
DA:66,10
DA:67,10
DA:69,10
DA:70,10
DA:71,0
DA:74,10
DA:75,10
DA:76,10
DA:79,2
DA:82,20
DA:84,20
DA:85,10
DA:86,10
DA:87,20
DA:88,10
DA:90,2
DA:91,6
DA:93,1
DA:94,1
DA:95,2
DA:101,3
DA:102,3
DA:104,6
DA:105,3
DA:106,2
DA:109,3
DA:110,6
DA:112,6
DA:113,2
DA:114,6
DA:116,0
DA:117,0
DA:118,0
DA:125,3
DA:126,3
DA:128,3
DA:129,3
DA:130,0
DA:133,3
DA:134,3
DA:137,2
DA:140,6
DA:142,4
DA:143,2
DA:144,2
DA:146,3
DA:147,9
DA:149,1
DA:150,1
DA:151,2
DA:158,3
DA:159,3
DA:161,3
DA:162,3
DA:163,3
DA:166,3
DA:167,8
DA:173,4
DA:176,2
DA:180,1
DA:182,1
DA:183,2
DA:184,1
DA:187,2
DA:188,2
DA:198,6
DA:200,0
DA:201,0
DA:202,0
LF:92
LH:84
end_of_record
SF:/Users/marcio.padovani/Projetos/ScoreGame/terafy/server/lib/features/auth/refresh_token.repository.dart
DA:12,12
DA:15,9
DA:16,9
DA:17,9
DA:18,9
DA:19,9
DA:31,9
DA:38,9
DA:39,9
DA:43,9
DA:45,1
DA:48,27
DA:49,9
DA:50,9
DA:57,9
DA:67,9
DA:68,0
DA:71,18
DA:76,9
DA:77,9
DA:79,9
DA:80,9
DA:86,2
DA:87,2
DA:88,2
DA:90,6
DA:91,2
DA:92,2
DA:97,2
DA:100,2
DA:104,2
DA:105,2
DA:106,2
DA:109,4
DA:113,2
DA:118,2
DA:119,2
DA:120,6
DA:121,2
DA:122,2
DA:127,2
DA:133,2
DA:134,2
DA:135,6
DA:136,2
DA:137,2
DA:142,2
DA:148,1
DA:149,1
DA:150,3
DA:151,1
DA:152,1
DA:157,1
DA:163,1
DA:164,1
DA:165,3
DA:166,1
DA:171,1
DA:176,1
DA:177,1
DA:178,3
DA:179,1
DA:180,1
DA:188,1
DA:191,2
DA:192,1
DA:193,1
DA:194,1
DA:195,1
DA:196,1
DA:197,1
DA:198,1
DA:199,1
DA:201,1
LF:74
LH:73
end_of_record
SF:/Users/marcio.padovani/Projetos/ScoreGame/terafy/server/lib/features/auth/token_blacklist.repository.dart
DA:9,12
DA:17,2
DA:23,2
DA:24,6
DA:25,2
DA:26,2
DA:34,2
DA:42,9
DA:43,9
DA:44,27
DA:45,9
DA:46,9
DA:52,9
DA:55,18
DA:56,9
DA:61,1
DA:62,1
DA:63,3
DA:64,1
DA:69,1
DA:75,1
DA:76,1
DA:77,3
DA:82,1
DA:83,1
DA:91,1
DA:92,1
DA:94,2
LF:28
LH:28
end_of_record
SF:/Users/marcio.padovani/Projetos/ScoreGame/terafy/server/lib/features/home/home.handler.dart
DA:10,9
DA:14,8
DA:15,8
DA:17,2
DA:19,2
DA:20,2
DA:21,2
DA:24,1
DA:28,6
DA:30,2
DA:32,2
DA:39,2
DA:41,2
DA:46,1
DA:47,3
DA:49,1
DA:54,1
DA:56,1
DA:62,1
DA:67,4
DA:75,4
DA:76,1
DA:77,1
DA:78,3
DA:80,1
DA:81,1
DA:82,2
LF:27
LH:27
end_of_record
SF:/Users/marcio.padovani/Projetos/ScoreGame/terafy/server/lib/features/patient/patient.controller.dart
DA:9,3
DA:11,0
DA:12,0
DA:18,9
DA:20,2
DA:28,4
DA:36,3
DA:40,2
DA:48,4
DA:57,2
DA:62,2
DA:63,3
DA:67,7
DA:74,7
DA:77,14
DA:81,0
DA:84,2
DA:85,2
DA:86,4
DA:87,2
DA:89,3
DA:91,1
DA:92,3
DA:96,2
DA:105,4
DA:110,0
DA:115,1
DA:119,2
DA:120,4
DA:121,2
DA:123,3
DA:125,1
DA:126,3
DA:130,2
DA:138,4
DA:147,2
DA:150,2
DA:151,3
LF:38
LH:34
end_of_record
SF:/Users/marcio.padovani/Projetos/ScoreGame/terafy/server/lib/features/patient/patient.handler.dart
DA:14,10
DA:16,8
DA:17,8
DA:19,3
DA:20,3
DA:23,3
DA:24,3
DA:25,3
DA:28,1
DA:32,3
DA:34,2
DA:39,2
DA:40,6
DA:41,2
DA:42,2
DA:44,1
DA:49,6
DA:54,3
DA:57,10
DA:58,2
DA:59,3
DA:61,2
DA:62,6
DA:66,3
DA:67,3
DA:70,3
DA:72,1
DA:75,3
DA:76,3
DA:77,3
DA:80,1
DA:83,6
DA:88,3
DA:93,6
DA:94,0
DA:97,4
DA:98,3
DA:99,6
DA:101,2
DA:102,6
DA:106,8
DA:107,8
DA:110,8
DA:111,8
DA:112,8
DA:115,1
DA:118,8
DA:119,8
DA:121,3
DA:124,16
DA:126,8
DA:128,2
DA:133,4
DA:134,1
DA:138,2
DA:141,8
DA:143,16
DA:148,8
DA:151,14
DA:152,3
DA:153,6
DA:155,2
DA:156,6
DA:160,3
DA:161,3
DA:164,3
DA:166,1
DA:169,3
DA:170,3
DA:171,3
DA:174,1
DA:177,6
DA:182,3
DA:185,2
DA:186,2
DA:188,1
DA:191,2
DA:192,2
DA:193,4
DA:195,2
DA:197,1
DA:204,2
DA:206,4
DA:212,2
DA:215,4
DA:216,3
DA:217,6
DA:219,2
DA:220,6
DA:224,3
DA:225,3
DA:228,3
DA:230,1
DA:233,3
DA:234,3
DA:235,3
DA:238,1
DA:241,6
DA:246,3
DA:249,4
DA:250,3
DA:251,6
DA:253,2
DA:254,6
DA:258,8
DA:259,8
DA:261,5
DA:262,10
DA:263,5
DA:268,8
DA:270,2
DA:271,0
DA:272,0
DA:273,0
DA:274,0
DA:279,8
DA:281,2
DA:282,0
DA:284,0
DA:285,0
DA:295,8
DA:297,6
DA:298,42
DA:300,0
DA:301,0
DA:306,8
DA:307,2
DA:309,18
DA:310,18
DA:311,26
DA:312,18
DA:313,18
DA:314,18
DA:315,18
DA:316,18
DA:317,18
DA:318,18
DA:319,26
DA:320,18
DA:321,18
DA:323,26
DA:324,26
DA:325,18
DA:327,18
DA:329,18
DA:330,26
DA:332,26
DA:333,26
DA:334,18
DA:335,18
DA:337,26
DA:339,26
DA:340,26
DA:341,18
DA:342,18
DA:343,18
DA:344,2
DA:345,8
DA:349,8
DA:350,16
DA:354,8
DA:355,2
DA:362,8
DA:363,8
DA:367,8
DA:370,8
DA:371,8
DA:373,5
DA:374,0
DA:375,0
DA:377,0
DA:378,0
DA:383,8
DA:384,16
DA:385,8
DA:386,8
LF:176
LH:162
end_of_record
SF:/Users/marcio.padovani/Projetos/ScoreGame/terafy/server/lib/features/schedule/schedule.controller.dart
DA:5,3
DA:10,3
DA:11,3
DA:15,9
DA:20,2
DA:22,2
DA:26,2
DA:29,2
DA:33,1
DA:34,1
DA:35,1
DA:36,1
DA:37,1
DA:38,1
DA:39,1
DA:46,1
DA:49,2
DA:55,4
DA:59,2
DA:66,2
DA:79,2
DA:80,2
DA:83,4
DA:87,2
DA:90,3
DA:94,2
DA:100,4
DA:104,2
DA:107,3
DA:111,2
DA:120,4
DA:127,2
DA:130,3
DA:134,3
DA:140,3
DA:142,6
DA:147,3
DA:150,2
DA:151,3
DA:155,2
DA:162,2
DA:164,4
DA:170,2
DA:174,2
DA:179,4
DA:180,6
DA:184,2
DA:190,2
DA:192,4
DA:197,2
DA:201,2
DA:206,2
DA:207,3
DA:211,2
DA:218,4
DA:223,2
DA:227,2
DA:230,2
DA:231,3
LF:59
LH:59
end_of_record
SF:/Users/marcio.padovani/Projetos/ScoreGame/terafy/server/lib/features/schedule/schedule.handler.dart
DA:12,9
DA:16,8
DA:17,8
DA:19,2
DA:21,2
DA:22,2
DA:23,2
DA:26,1
DA:30,2
DA:32,2
DA:35,2
DA:36,6
DA:38,2
DA:40,3
DA:42,1
DA:45,4
DA:51,4
DA:52,1
DA:53,3
DA:54,1
DA:55,2
DA:57,0
DA:58,0
DA:62,2
DA:64,2
DA:65,4
DA:66,2
DA:69,2
DA:71,2
DA:72,2
DA:73,2
DA:76,1
DA:80,2
DA:82,2
DA:85,2
DA:86,4
DA:88,2
DA:90,5
DA:92,1
DA:95,6
DA:97,4
DA:99,4
DA:100,2
DA:101,3
DA:102,2
DA:103,4
DA:105,0
DA:106,0
DA:110,2
DA:112,2
DA:113,2
DA:114,2
DA:117,1
DA:120,6
DA:121,6
DA:124,2
DA:127,2
DA:128,2
DA:130,2
DA:131,2
DA:135,2
DA:137,2
DA:140,2
DA:141,6
DA:143,2
DA:145,2
DA:147,1
DA:150,4
DA:159,10
DA:160,1
DA:161,3
DA:162,0
DA:163,0
DA:165,0
DA:166,0
DA:170,2
DA:171,2
DA:173,2
DA:175,1
DA:178,2
DA:179,2
DA:180,2
DA:183,1
DA:187,2
DA:189,2
DA:192,2
DA:193,6
DA:195,0
DA:198,0
DA:201,4
DA:211,6
DA:212,1
DA:215,4
DA:216,2
DA:217,6
DA:218,0
DA:219,0
DA:221,0
DA:222,0
DA:226,3
DA:227,3
DA:229,3
DA:230,6
DA:231,2
DA:234,3
DA:236,3
DA:237,3
DA:238,3
DA:241,1
DA:245,3
DA:247,2
DA:250,2
DA:251,4
DA:253,2
DA:255,5
DA:257,1
DA:260,9
DA:262,6
DA:269,6
DA:270,2
DA:271,1
DA:272,3
DA:273,2
DA:274,2
DA:275,4
DA:277,0
DA:278,0
DA:282,2
DA:283,2
DA:285,2
DA:287,1
DA:290,2
DA:291,4
DA:292,2
DA:295,2
DA:297,2
DA:298,2
DA:299,2
DA:302,1
DA:306,2
DA:308,2
DA:311,2
DA:312,4
DA:314,2
DA:316,4
DA:318,0
DA:321,4
DA:323,6
DA:329,4
DA:330,2
DA:331,6
DA:332,2
DA:333,4
DA:335,0
DA:336,0
DA:340,2
DA:342,2
DA:344,1
DA:347,2
DA:348,2
DA:349,2
DA:352,1
DA:355,4
DA:362,4
DA:363,2
DA:364,6
DA:365,0
DA:366,0
DA:368,0
DA:369,0
LF:170
LH:147
end_of_record
SF:/Users/marcio.padovani/Projetos/ScoreGame/terafy/server/lib/features/session/session.controller.dart
DA:6,3
DA:11,3
DA:12,3
DA:16,9
DA:21,3
DA:27,3
DA:30,6
DA:31,1
DA:34,6
DA:35,1
DA:38,6
DA:39,1
DA:42,3
DA:43,6
DA:44,1
DA:52,6
DA:53,2
DA:54,1
DA:59,1
DA:62,6
DA:67,3
DA:72,1
DA:73,1
DA:74,0
DA:78,2
DA:84,2
DA:86,4
DA:91,2
DA:95,2
DA:100,2
DA:101,2
DA:102,0
DA:106,2
DA:117,2
DA:119,4
DA:129,2
DA:134,0
DA:135,0
DA:136,0
DA:140,2
DA:147,2
DA:150,4
DA:151,1
DA:154,2
DA:155,3
DA:156,1
DA:163,4
DA:168,2
DA:172,2
DA:175,4
DA:176,4
DA:178,4
DA:184,2
DA:188,0
DA:194,2
DA:195,2
DA:197,1
DA:199,1
DA:200,1
DA:205,1
DA:209,1
DA:210,1
DA:211,1
DA:212,1
DA:213,1
DA:214,1
DA:215,2
DA:221,2
DA:222,2
DA:225,1
DA:230,1
DA:233,1
DA:234,2
DA:239,0
DA:240,0
DA:249,2
DA:250,2
DA:251,0
DA:255,2
DA:261,2
DA:263,4
DA:268,2
DA:272,2
DA:275,2
DA:276,2
DA:277,0
DA:281,2
DA:287,2
DA:289,4
DA:294,2
DA:299,1
DA:300,1
DA:301,1
DA:302,2
LF:94
LH:84
end_of_record
SF:/Users/marcio.padovani/Projetos/ScoreGame/terafy/server/lib/features/session/session.handler.dart
DA:12,10
DA:16,8
DA:17,8
DA:19,4
DA:20,4
DA:22,4
DA:23,8
DA:24,1
DA:27,4
DA:29,4
DA:30,4
DA:31,4
DA:34,1
DA:38,4
DA:40,1
DA:45,1
DA:46,2
DA:48,1
DA:51,2
DA:52,0
DA:54,1
DA:59,8
DA:61,4
DA:62,8
DA:63,8
DA:64,8
DA:65,8
DA:66,8
DA:69,8
DA:76,6
DA:77,2
DA:78,1
DA:79,3
DA:80,1
DA:81,0
DA:82,0
DA:84,1
DA:85,1
DA:86,2
DA:91,3
DA:92,3
DA:94,3
DA:96,1
DA:99,3
DA:100,3
DA:101,3
DA:104,1
DA:107,6
DA:114,4
DA:115,3
DA:116,6
DA:117,1
DA:118,0
DA:120,1
DA:121,1
DA:122,2
DA:127,3
DA:128,3
DA:130,3
DA:131,3
DA:132,3
DA:135,1
DA:139,3
DA:141,1
DA:146,1
DA:147,0
DA:150,0
DA:151,0
DA:154,1
DA:159,9
DA:160,9
DA:161,9
DA:162,9
DA:163,9
DA:166,2
DA:169,0
DA:172,0
DA:174,0
DA:176,6
DA:188,2
DA:189,8
DA:191,1
DA:192,0
DA:193,0
DA:194,1
DA:195,0
DA:196,0
DA:198,1
DA:199,1
DA:200,2
DA:205,3
DA:206,3
DA:208,3
DA:210,1
DA:213,3
DA:214,6
DA:215,1
DA:218,3
DA:220,3
DA:221,3
DA:222,3
DA:225,1
DA:229,3
DA:231,0
DA:236,0
DA:237,0
DA:240,0
DA:241,0
DA:244,0
DA:249,6
DA:251,3
DA:252,6
DA:253,6
DA:254,6
DA:255,6
DA:256,6
DA:259,6
DA:267,4
DA:268,3
DA:269,6
DA:270,1
DA:271,0
DA:273,1
DA:274,1
DA:275,2
DA:280,3
DA:281,3
DA:283,3
DA:285,1
DA:288,3
DA:289,3
DA:290,3
DA:293,1
DA:296,6
DA:303,4
DA:304,3
DA:305,6
DA:306,1
DA:307,0
DA:309,1
DA:310,1
DA:311,2
DA:316,3
DA:317,3
DA:319,9
DA:321,1
DA:324,3
DA:326,1
DA:329,3
DA:330,3
DA:331,3
DA:334,1
DA:337,6
DA:344,4
DA:345,1
DA:346,0
DA:347,1
DA:348,0
DA:350,1
DA:351,1
DA:352,2
LF:161
LH:137
end_of_record
SF:/Users/marcio.padovani/Projetos/ScoreGame/terafy/server/lib/features/financial/financial.controller.dart
DA:6,3
DA:11,3
DA:12,3
DA:16,9
DA:24,2
DA:30,2
DA:33,4
DA:34,1
DA:37,4
DA:38,1
DA:41,4
DA:42,2
DA:45,2
DA:46,3
DA:47,1
DA:53,2
DA:54,3
DA:55,1
DA:61,4
DA:66,2
DA:71,2
DA:72,2
DA:73,1
DA:74,2
DA:80,2
DA:86,2
DA:88,4
DA:93,2
DA:96,1
DA:97,1
DA:98,1
DA:99,2
DA:105,2
DA:117,2
DA:119,4
DA:130,2
DA:133,1
DA:134,1
DA:135,1
DA:136,2
DA:142,2
DA:149,2
DA:152,4
DA:153,1
DA:156,2
DA:157,3
DA:158,1
DA:164,2
DA:165,6
DA:166,1
DA:173,4
DA:178,2
DA:182,1
DA:186,7
DA:187,1
DA:194,4
DA:199,2
DA:203,0
DA:206,4
DA:207,4
DA:209,4
DA:215,2
DA:219,3
DA:221,1
DA:222,1
DA:223,1
DA:228,1
DA:231,2
DA:232,1
DA:234,2
DA:237,1
DA:243,1
DA:246,1
DA:247,2
DA:252,1
DA:253,1
DA:261,1
DA:262,1
DA:263,1
DA:264,2
DA:270,2
DA:276,2
DA:279,4
DA:284,2
DA:288,2
DA:292,4
DA:293,1
DA:299,4
DA:304,2
DA:307,2
DA:308,2
DA:309,1
DA:310,2
DA:316,2
DA:324,2
DA:326,2
DA:327,1
DA:332,2
DA:333,1
DA:339,4
DA:346,2
DA:349,1
DA:350,1
DA:351,1
DA:352,2
LF:105
LH:104
end_of_record
SF:/Users/marcio.padovani/Projetos/ScoreGame/terafy/server/lib/features/financial/financial.handler.dart
DA:12,9
DA:16,8
DA:17,8
DA:19,2
DA:20,2
DA:22,2
DA:23,4
DA:24,2
DA:27,2
DA:29,2
DA:30,2
DA:31,2
DA:34,1
DA:38,2
DA:40,2
DA:45,2
DA:46,4
DA:48,2
DA:51,4
DA:52,1
DA:54,1
DA:59,4
DA:61,2
DA:64,4
DA:71,4
DA:72,2
DA:73,2
DA:74,6
DA:75,2
DA:76,2
DA:77,4
DA:79,1
DA:80,1
DA:81,2
DA:86,2
DA:87,2
DA:89,2
DA:91,1
DA:94,2
DA:95,2
DA:96,2
DA:99,1
DA:102,4
DA:110,2
DA:113,4
DA:114,1
DA:115,1
DA:116,3
DA:118,1
DA:119,1
DA:120,2
DA:125,2
DA:126,2
DA:128,2
DA:129,2
DA:130,2
DA:133,1
DA:137,2
DA:139,2
DA:144,2
DA:145,6
DA:147,2
DA:150,1
DA:156,6
DA:157,6
DA:158,6
DA:159,6
DA:160,6
DA:161,6
DA:165,2
DA:170,1
DA:175,1
DA:180,1
DA:183,4
DA:196,2
DA:197,8
DA:199,1
DA:200,1
DA:201,3
DA:203,1
DA:204,1
DA:205,2
DA:210,2
DA:211,2
DA:213,2
DA:215,1
DA:218,2
DA:219,4
DA:220,1
DA:223,2
DA:225,2
DA:226,2
DA:227,2
DA:230,1
DA:234,4
DA:242,2
DA:245,4
DA:246,2
DA:247,2
DA:248,2
DA:251,4
DA:259,4
DA:260,1
DA:261,1
DA:262,3
DA:263,1
DA:264,1
DA:265,2
DA:267,1
DA:268,1
DA:269,2
DA:274,2
DA:275,2
DA:277,2
DA:279,1
DA:282,2
DA:283,2
DA:284,2
DA:287,1
DA:290,4
DA:297,4
DA:298,2
DA:299,2
DA:300,6
DA:302,1
DA:303,1
DA:304,2
DA:309,2
DA:310,2
DA:312,2
DA:313,2
DA:314,2
DA:317,1
DA:321,2
DA:323,2
DA:328,2
DA:329,6
DA:331,2
DA:333,1
DA:335,1
DA:338,1
DA:343,6
DA:344,6
DA:348,2
DA:353,2
DA:356,4
DA:365,2
DA:366,1
DA:367,1
DA:368,3
DA:370,1
DA:371,1
DA:372,2
LF:153
LH:153
end_of_record
SF:/Users/marcio.padovani/Projetos/ScoreGame/terafy/server/lib/features/financial/financial.repository.dart
DA:7,9
DA:11,1
DA:18,1
DA:19,3
DA:21,1
DA:23,1
DA:27,0
DA:31,1
DA:33,1
DA:34,1
DA:87,1
DA:88,1
DA:89,1
DA:90,1
DA:91,1
DA:92,1
DA:93,1
DA:94,1
DA:95,1
DA:96,1
DA:97,1
DA:98,1
DA:99,1
DA:100,1
DA:101,1
DA:102,1
DA:106,1
DA:107,0
DA:110,3
DA:114,1
DA:121,1
DA:122,3
DA:124,1
DA:126,1
DA:129,1
DA:130,1
DA:152,1
DA:155,1
DA:159,3
DA:163,1
DA:176,1
DA:177,3
DA:179,1
DA:181,1
DA:189,1
DA:190,1
DA:193,1
DA:194,1
DA:198,1
DA:199,1
DA:203,0
DA:204,0
DA:208,1
DA:209,1
DA:213,0
DA:214,0
DA:218,0
DA:219,0
DA:223,0
DA:224,0
DA:227,3
DA:229,1
DA:230,1
DA:252,1
DA:256,5
DA:260,1
DA:268,1
DA:269,3
DA:271,0
DA:273,1
DA:277,0
DA:281,1
DA:283,1
DA:284,1
DA:285,1
DA:287,1
DA:288,1
DA:290,1
DA:291,1
DA:292,2
DA:295,1
DA:296,1
DA:297,2
DA:300,1
DA:301,1
DA:302,2
DA:305,1
DA:306,1
DA:307,2
DA:310,1
DA:311,1
DA:312,2
DA:315,1
DA:316,0
DA:317,0
DA:320,1
DA:321,1
DA:322,2
DA:325,1
DA:326,0
DA:327,0
DA:330,1
DA:331,1
DA:332,2
DA:335,1
DA:336,0
DA:337,0
DA:340,1
DA:341,0
DA:342,0
DA:345,1
DA:346,1
DA:347,2
DA:350,1
DA:353,0
DA:354,0
DA:376,0
DA:379,0
DA:380,0
DA:383,0
DA:386,1
DA:387,1
DA:389,1
DA:409,1
DA:413,1
DA:414,0
DA:417,3
DA:421,1
DA:428,1
DA:429,3
DA:431,0
DA:433,1
DA:436,1
DA:437,1
DA:441,1
DA:444,2
DA:445,0
DA:450,1
DA:459,1
DA:460,3
DA:462,0
DA:464,1
DA:472,1
DA:473,1
DA:476,1
DA:477,2
DA:481,1
DA:482,2
DA:485,1
DA:487,1
DA:488,1
DA:500,1
DA:504,1
DA:505,0
DA:517,1
DA:518,1
DA:519,2
DA:520,2
DA:521,2
DA:522,2
DA:523,2
DA:524,2
DA:525,2
DA:526,2
DA:532,1
DA:534,1
DA:535,0
DA:536,0
DA:539,1
DA:541,1
DA:542,1
DA:543,1
DA:545,2
LF:173
LH:140
end_of_record
SF:/Users/marcio.padovani/Projetos/ScoreGame/terafy/server/lib/features/therapist/therapist.handler.dart
DA:19,9
DA:20,36
DA:23,8
DA:24,8
DA:28,2
DA:31,2
DA:32,2
DA:35,4
DA:38,2
DA:40,8
DA:41,2
DA:42,0
DA:43,0
DA:45,0
DA:46,0
DA:47,0
DA:53,2
DA:55,2
DA:57,1
DA:60,4
DA:61,4
DA:62,0
DA:63,0
DA:65,0
DA:66,0
DA:67,0
DA:74,1
DA:76,1
DA:78,0
DA:82,1
DA:84,0
DA:90,1
DA:92,1
DA:93,1
DA:94,0
DA:97,1
DA:98,1
DA:99,2
DA:107,2
DA:108,0
DA:109,0
DA:111,0
DA:112,0
DA:113,0
DA:120,0
DA:122,0
DA:124,0
DA:128,0
DA:129,0
DA:130,0
DA:133,0
DA:138,0
DA:140,0
DA:141,0
DA:142,0
DA:144,0
DA:145,0
DA:146,0
DA:152,8
DA:155,8
DA:157,1
DA:161,8
DA:163,8
DA:164,8
DA:165,0
DA:168,8
DA:169,8
DA:173,8
DA:175,0
DA:176,0
DA:179,16
DA:186,24
DA:187,1
DA:188,0
DA:190,1
DA:191,1
DA:192,2
DA:199,1
DA:201,1
DA:203,0
DA:207,1
DA:210,1
DA:215,1
DA:216,1
DA:217,1
DA:219,1
DA:220,1
DA:221,0
DA:224,1
DA:225,1
DA:226,2
DA:232,1
DA:235,2
DA:236,1
DA:237,3
DA:239,0
DA:240,0
DA:241,0
DA:248,1
DA:250,1
DA:252,0
DA:256,1
DA:259,1
DA:264,1
DA:265,1
DA:266,1
DA:268,2
DA:273,1
DA:275,2
DA:276,1
DA:277,3
DA:279,0
DA:280,0
DA:281,0
LF:114
LH:69
end_of_record
SF:/Users/marcio.padovani/Projetos/ScoreGame/terafy/server/lib/features/therapist/therapist.repository.dart
DA:11,12
DA:18,1
DA:19,3
DA:23,1
DA:26,0
DA:30,1
DA:42,2
DA:43,1
DA:44,1
DA:45,1
DA:58,0
DA:65,0
DA:69,0
DA:72,0
DA:76,0
DA:77,0
DA:88,0
DA:92,0
DA:96,0
DA:97,0
DA:106,9
DA:107,9
DA:108,27
DA:111,9
DA:114,9
DA:115,9
DA:134,9
DA:135,9
DA:136,9
DA:137,9
DA:138,9
DA:139,9
DA:140,9
DA:141,9
DA:142,9
DA:143,9
DA:144,9
DA:145,9
DA:146,9
DA:147,9
DA:148,9
DA:149,9
DA:150,0
DA:152,9
DA:153,9
DA:157,9
DA:158,0
DA:161,18
DA:162,9
DA:174,1
DA:182,3
DA:186,0
DA:189,1
DA:192,1
DA:193,1
DA:222,1
DA:224,1
DA:225,1
DA:226,1
DA:227,1
DA:228,1
DA:229,1
DA:230,1
DA:231,1
DA:232,1
DA:233,1
DA:234,1
DA:235,1
DA:236,1
DA:237,1
DA:238,1
DA:239,0
DA:241,1
DA:242,1
DA:246,1
DA:250,2
DA:251,1
DA:262,0
DA:263,0
DA:267,0
DA:270,0
DA:273,0
DA:275,0
DA:279,7
DA:280,21
DA:281,7
DA:282,7
DA:294,7
DA:297,7
DA:298,0
DA:301,14
DA:302,7
DA:307,7
DA:308,21
DA:309,7
DA:310,7
DA:329,7
DA:332,7
DA:336,2
DA:337,1
DA:338,1
DA:341,1
DA:342,0
DA:343,0
DA:344,0
DA:345,0
DA:346,0
DA:350,2
DA:357,0
DA:363,0
DA:365,0
DA:366,0
DA:371,0
DA:374,0
DA:375,0
DA:378,0
DA:379,0
DA:380,0
DA:384,0
DA:386,0
DA:388,0
DA:389,0
DA:396,0
LF:123
LH:81
end_of_record
SF:/Users/marcio.padovani/Projetos/ScoreGame/terafy/server/lib/features/user/user.handler.dart
DA:11,8
DA:13,8
DA:14,8
DA:16,8
DA:18,0
DA:19,0
DA:20,0
DA:21,0
DA:22,0
DA:25,0
DA:29,8
DA:31,0
DA:32,0
DA:33,0
DA:38,0
DA:39,0
DA:40,0
DA:42,0
DA:44,0
DA:45,0
DA:48,0
DA:49,0
LF:22
LH:5
end_of_record
SF:/Users/marcio.padovani/Projetos/ScoreGame/terafy/server/lib/features/user/user.repository.dart
DA:8,17
DA:10,0
DA:11,0
DA:12,0
DA:36,0
DA:37,0
DA:38,0
DA:39,0
DA:45,1
DA:46,3
DA:47,1
DA:48,1
DA:71,1
DA:74,1
DA:78,2
DA:79,1
DA:83,8
DA:84,24
DA:85,8
DA:86,8
DA:109,8
DA:112,8
DA:116,16
DA:117,8
DA:121,12
DA:122,12
DA:123,36
DA:124,12
DA:125,12
DA:154,12
DA:155,12
DA:156,12
DA:157,12
DA:158,12
DA:159,12
DA:160,12
DA:161,12
DA:162,12
DA:163,12
DA:164,12
DA:165,12
DA:166,12
DA:167,12
DA:168,12
DA:172,12
DA:173,0
DA:176,24
DA:177,12
DA:181,8
DA:182,24
DA:183,8
DA:184,8
DA:189,8
DA:194,7
DA:195,21
DA:196,7
DA:197,7
DA:223,7
DA:226,7
DA:227,0
DA:230,14
DA:231,7
LF:62
LH:53
end_of_record
SF:/Users/marcio.padovani/Projetos/ScoreGame/terafy/server/lib/features/anamnesis/anamnesis.controller.dart
DA:8,4
DA:10,3
DA:11,3
DA:17,11
DA:21,4
DA:29,8
DA:37,1
DA:38,2
DA:44,4
DA:52,8
DA:60,0
DA:61,0
DA:67,4
DA:74,4
DA:77,8
DA:78,4
DA:81,0
DA:86,3
DA:92,8
DA:96,0
DA:100,3
DA:101,3
DA:102,1
DA:103,1
DA:104,1
DA:109,0
DA:110,0
DA:116,3
DA:125,6
DA:130,0
DA:134,1
DA:135,1
DA:136,2
DA:142,4
DA:150,8
DA:159,2
DA:162,2
DA:163,1
DA:164,2
DA:172,4
DA:181,8
DA:190,1
DA:191,2
DA:197,4
DA:205,8
DA:213,1
DA:214,2
DA:220,4
DA:227,4
DA:229,8
DA:233,0
DA:237,1
DA:238,1
DA:239,1
DA:240,2
DA:246,3
DA:255,6
DA:260,0
DA:264,1
DA:265,1
DA:266,2
DA:272,4
DA:280,8
DA:289,2
DA:292,2
DA:293,1
DA:294,2
LF:67
LH:58
end_of_record
SF:/Users/marcio.padovani/Projetos/ScoreGame/terafy/server/lib/features/anamnesis/anamnesis.handler.dart
DA:14,10
DA:16,8
DA:17,8
DA:21,3
DA:22,3
DA:25,3
DA:27,1
DA:30,3
DA:31,3
DA:32,3
DA:35,1
DA:38,6
DA:43,3
DA:47,3
DA:50,4
DA:51,0
DA:52,0
DA:54,0
DA:55,0
DA:59,3
DA:60,3
DA:63,3
DA:65,1
DA:68,3
DA:69,3
DA:70,3
DA:73,0
DA:76,6
DA:81,3
DA:85,3
DA:88,4
DA:89,0
DA:90,0
DA:92,0
DA:93,0
DA:97,3
DA:98,3
DA:101,3
DA:102,3
DA:103,3
DA:106,1
DA:109,3
DA:110,3
DA:112,3
DA:115,6
DA:117,2
DA:120,6
DA:122,3
DA:124,1
DA:127,1
DA:128,0
DA:132,0
DA:135,3
DA:137,6
DA:142,3
DA:145,6
DA:146,2
DA:147,6
DA:149,0
DA:150,0
DA:154,3
DA:155,3
DA:158,3
DA:160,1
DA:163,3
DA:164,3
DA:165,3
DA:168,0
DA:171,6
DA:176,3
DA:180,3
DA:183,2
DA:184,2
DA:186,0
DA:189,2
DA:191,2
DA:192,2
DA:196,4
DA:201,2
DA:202,2
DA:206,0
DA:209,4
DA:210,0
DA:211,0
DA:213,0
DA:214,0
DA:218,3
DA:219,3
DA:222,3
DA:224,1
DA:227,3
DA:228,3
DA:229,3
DA:232,1
DA:235,6
DA:240,3
DA:243,4
DA:244,1
DA:245,3
DA:247,0
DA:248,0
DA:254,3
DA:255,3
DA:258,3
DA:259,3
DA:260,3
DA:263,1
DA:267,3
DA:269,1
DA:272,0
DA:273,0
DA:274,0
DA:275,0
DA:277,0
DA:282,9
DA:284,6
DA:290,3
DA:293,13
DA:294,0
DA:295,0
DA:297,0
DA:298,0
DA:302,2
DA:303,2
DA:306,2
DA:308,0
DA:311,2
DA:312,2
DA:313,2
DA:316,0
DA:319,4
DA:324,2
DA:328,2
DA:331,2
DA:332,0
DA:333,0
DA:335,0
DA:336,0
DA:340,3
DA:341,3
DA:344,3
DA:345,3
DA:346,3
DA:349,0
DA:352,3
DA:353,3
DA:355,3
DA:358,6
DA:360,3
DA:362,1
DA:365,0
DA:366,0
DA:369,3
DA:371,6
DA:376,3
DA:379,6
DA:380,0
DA:381,0
DA:383,0
DA:384,0
DA:388,3
DA:389,3
DA:392,3
DA:394,0
DA:397,3
DA:398,3
DA:399,3
DA:402,0
DA:405,6
DA:410,3
DA:414,3
DA:417,2
DA:418,2
DA:420,0
DA:423,4
DA:425,4
DA:430,2
DA:431,2
DA:435,0
DA:438,4
DA:439,0
DA:440,0
DA:442,0
DA:443,0
DA:447,3
DA:448,3
DA:451,3
DA:453,1
DA:456,3
DA:457,3
DA:458,3
DA:461,0
DA:464,6
DA:469,3
DA:472,4
DA:473,1
DA:474,3
DA:476,0
DA:477,0
DA:483,3
DA:489,3
DA:491,1
DA:492,2
DA:493,1
DA:498,3
DA:499,0
DA:500,3
DA:501,0
DA:503,0
DA:504,0
DA:508,0
DA:511,0
DA:514,3
DA:515,2
DA:518,8
DA:519,9
DA:520,10
DA:521,5
DA:522,3
DA:526,3
DA:531,3
DA:532,0
DA:533,3
DA:534,0
DA:536,0
DA:537,0
DA:541,0
DA:544,0
DA:547,3
DA:548,2
DA:549,0
DA:550,6
DA:551,7
DA:552,7
DA:553,8
DA:554,8
DA:555,9
DA:556,5
DA:557,3
DA:563,3
DA:564,6
DA:568,3
DA:569,1
DA:576,3
DA:577,3
DA:579,3
DA:582,3
DA:583,3
DA:585,3
DA:586,0
DA:587,0
DA:591,3
DA:592,3
DA:594,1
DA:595,0
DA:596,0
DA:598,0
DA:602,3
DA:603,6
DA:604,3
DA:605,3
LF:261
LH:188
end_of_record
SF:/Users/marcio.padovani/Projetos/ScoreGame/terafy/server/lib/features/anamnesis/anamnesis.repository.dart
DA:9,11
DA:13,2
DA:20,6
DA:22,1
DA:24,1
DA:32,2
DA:33,2
DA:46,2
DA:49,2
DA:53,6
DA:57,2
DA:64,6
DA:66,1
DA:68,1
DA:76,2
DA:77,2
DA:90,2
DA:93,2
DA:97,6
DA:101,2
DA:108,6
DA:110,1
DA:112,1
DA:116,0
DA:120,2
DA:122,2
DA:123,2
DA:148,2
DA:150,4
DA:154,6
DA:158,2
DA:166,6
DA:168,1
DA:170,1
DA:174,0
DA:178,2
DA:180,2
DA:181,2
DA:199,2
DA:201,2
DA:202,2
DA:203,2
DA:207,2
DA:211,6
DA:215,2
DA:222,6
DA:224,1
DA:226,1
DA:234,2
DA:235,2
DA:236,2
DA:239,2
DA:245,2
DA:253,6
DA:255,1
DA:257,1
DA:265,2
DA:281,2
DA:284,2
DA:285,2
DA:287,0
DA:291,2
DA:292,2
DA:295,2
DA:297,2
DA:298,6
DA:299,2
DA:302,4
DA:303,4
DA:304,2
DA:308,2
DA:315,6
DA:317,1
DA:319,2
DA:327,2
DA:328,2
DA:343,2
DA:346,2
DA:350,6
DA:354,2
DA:361,6
DA:363,1
DA:365,1
DA:369,0
DA:374,3
DA:375,1
DA:376,1
DA:381,2
DA:385,2
DA:387,2
DA:388,2
DA:419,2
DA:421,4
DA:425,6
DA:429,2
DA:437,6
DA:439,1
DA:441,1
DA:445,0
DA:450,2
DA:451,4
DA:452,1
DA:456,2
DA:457,0
DA:458,0
DA:465,0
DA:466,0
DA:472,2
DA:474,2
DA:475,2
DA:497,2
DA:499,2
DA:500,2
DA:501,2
DA:502,2
DA:503,2
DA:507,2
DA:511,6
DA:515,2
DA:522,6
DA:524,1
DA:526,1
DA:535,2
DA:536,4
DA:537,1
DA:540,2
DA:541,2
DA:542,2
DA:545,2
LF:129
LH:120
end_of_record
SF:/Users/marcio.padovani/Projetos/ScoreGame/terafy/server/lib/core/services/password_service.dart
DA:7,11
DA:8,11
DA:9,11
DA:10,11
DA:14,10
DA:15,10
DA:16,10
LF:7
LH:7
end_of_record
SF:/Users/marcio.padovani/Projetos/ScoreGame/terafy/server/lib/core/handlers/base_handler.dart
DA:24,19
DA:25,19
DA:27,38
DA:28,19
DA:38,18
DA:39,18
DA:41,18
DA:42,18
DA:49,15
DA:50,15
DA:56,5
DA:57,5
DA:63,9
DA:64,9
DA:70,5
DA:71,5
DA:77,7
DA:78,7
DA:87,16
DA:88,16
LF:20
LH:20
end_of_record
SF:/Users/marcio.padovani/Projetos/ScoreGame/terafy/server/lib/features/anamnesis/anamnesis.routes.dart
DA:6,9
DA:7,9
DA:9,18
DA:14,9
DA:16,2
DA:17,2
DA:18,4
DA:19,2
DA:24,9
DA:26,2
DA:27,2
DA:28,4
DA:29,2
DA:34,27
DA:37,9
DA:39,2
DA:40,2
DA:41,4
DA:42,2
DA:47,9
DA:49,2
DA:50,2
DA:51,4
DA:52,2
DA:59,27
DA:62,9
DA:64,2
DA:65,2
DA:66,4
DA:67,2
DA:72,9
DA:74,18
DA:78,9
DA:80,2
DA:81,2
DA:82,4
DA:83,2
DA:88,9
DA:90,2
DA:91,2
DA:92,4
DA:93,2
LF:42
LH:42
end_of_record
SF:/Users/marcio.padovani/Projetos/ScoreGame/terafy/server/lib/core/middleware/authorization_middleware.dart
DA:26,0
DA:32,0
DA:33,0
DA:34,0
DA:35,0
DA:36,0
DA:40,0
DA:43,0
DA:48,0
DA:49,0
DA:50,0
DA:52,0
DA:55,0
DA:56,0
DA:61,0
DA:62,0
DA:63,0
DA:67,0
DA:68,0
DA:69,0
DA:72,0
DA:77,0
DA:78,0
DA:81,0
DA:84,0
DA:90,0
DA:91,0
DA:92,0
DA:94,0
DA:98,0
DA:99,0
DA:101,0
DA:105,0
DA:133,1
DA:139,1
DA:140,1
DA:141,1
DA:145,0
DA:148,0
DA:153,1
DA:154,0
DA:155,0
DA:157,0
DA:160,0
DA:161,0
DA:167,0
DA:170,0
DA:175,1
DA:176,1
DA:182,0
DA:183,0
DA:184,0
DA:190,0
DA:191,0
DA:193,0
DA:197,0
DA:213,8
DA:214,8
DA:215,16
DA:216,8
DA:217,7
DA:218,7
DA:221,0
DA:224,0
DA:228,7
DA:229,1
DA:230,1
DA:232,1
DA:234,1
DA:235,1
DA:239,7
DA:240,7
DA:242,7
DA:259,11
DA:260,11
DA:261,9
DA:262,9
DA:265,0
DA:268,0
DA:272,9
DA:273,2
DA:274,4
DA:276,2
DA:279,4
DA:280,2
DA:284,9
DA:285,9
DA:287,9
LF:88
LH:35
end_of_record
SF:/Users/marcio.padovani/Projetos/ScoreGame/terafy/server/lib/features/auth/auth.controller.dart
DA:15,10
DA:29,11
DA:43,11
DA:49,11
DA:50,11
DA:53,22
DA:56,4
DA:60,10
DA:61,20
DA:62,1
DA:66,20
DA:67,20
DA:68,2
DA:72,30
DA:75,20
DA:76,20
DA:79,10
DA:80,10
DA:85,20
DA:86,10
DA:92,10
DA:93,10
DA:94,10
DA:95,10
DA:96,10
DA:97,10
DA:98,20
DA:101,10
DA:112,11
DA:113,11
DA:116,22
DA:117,2
DA:121,22
DA:123,3
DA:127,11
DA:130,11
DA:140,22
DA:143,22
DA:144,22
DA:147,11
DA:148,11
DA:153,22
DA:154,11
DA:160,11
DA:161,11
DA:162,11
DA:163,11
DA:164,11
DA:165,11
DA:166,22
DA:169,11
DA:182,4
DA:183,4
DA:184,4
DA:187,3
DA:190,6
DA:191,6
DA:194,1
DA:206,4
DA:207,4
DA:209,4
DA:212,4
DA:216,3
DA:217,3
DA:218,1
DA:222,6
DA:223,3
DA:226,0
DA:230,6
DA:234,3
DA:235,1
DA:239,6
DA:241,0
DA:245,6
DA:246,1
DA:250,6
DA:253,3
DA:254,3
DA:255,3
DA:256,3
DA:257,3
DA:258,3
DA:259,6
DA:262,3
DA:273,3
DA:278,3
DA:280,3
DA:285,3
DA:287,6
DA:292,3
DA:294,3
DA:295,6
DA:296,3
DA:299,6
DA:300,3
DA:317,4
DA:319,0
DA:320,0
LF:98
LH:94
end_of_record
SF:/Users/marcio.padovani/Projetos/ScoreGame/terafy/server/lib/core/services/jwt_service.dart
DA:6,12
DA:7,12
DA:8,3
DA:19,11
DA:20,11
DA:24,12
DA:25,12
DA:36,11
DA:44,11
DA:45,11
DA:46,22
DA:49,11
DA:50,11
DA:56,22
DA:57,22
DA:62,11
DA:65,11
DA:66,33
DA:73,12
DA:77,12
DA:78,36
DA:80,12
DA:81,12
DA:84,24
DA:85,24
DA:88,12
DA:89,36
DA:94,0
DA:101,0
DA:111,11
DA:113,33
DA:114,10
DA:121,12
DA:123,12
DA:124,12
LF:35
LH:33
end_of_record
SF:/Users/marcio.padovani/Projetos/ScoreGame/terafy/server/lib/features/auth/auth.routes.dart
DA:5,10
DA:6,10
DA:9,20
DA:12,20
DA:15,20
DA:18,20
DA:21,20
LF:7
LH:7
end_of_record
SF:/Users/marcio.padovani/Projetos/ScoreGame/terafy/server/lib/features/financial/financial.routes.dart
DA:6,8
DA:7,8
DA:8,16
DA:10,8
DA:12,16
DA:15,8
DA:17,16
DA:20,8
DA:22,16
DA:25,8
DA:27,1
DA:28,1
DA:29,2
DA:30,1
DA:34,8
DA:36,1
DA:37,1
DA:38,2
DA:39,1
DA:43,8
DA:45,1
DA:46,1
DA:47,2
DA:48,1
LF:24
LH:24
end_of_record
SF:/Users/marcio.padovani/Projetos/ScoreGame/terafy/server/lib/features/patient/patient.routes.dart
DA:6,9
DA:7,9
DA:9,18
DA:10,18
DA:16,27
DA:17,27
DA:19,11
DA:20,2
DA:21,4
DA:22,2
DA:25,11
DA:26,2
DA:27,4
DA:28,2
DA:31,11
DA:32,2
DA:33,4
DA:34,2
LF:18
LH:18
end_of_record
SF:/Users/marcio.padovani/Projetos/ScoreGame/terafy/server/lib/features/schedule/schedule.routes.dart
DA:6,8
DA:7,8
DA:9,16
DA:11,24
DA:13,24
DA:15,24
DA:17,9
DA:18,4
DA:21,24
DA:23,9
DA:24,4
DA:27,9
DA:28,4
LF:13
LH:13
end_of_record
SF:/Users/marcio.padovani/Projetos/ScoreGame/terafy/server/lib/features/session/session.routes.dart
DA:6,9
DA:7,9
DA:9,18
DA:11,27
DA:13,11
DA:14,2
DA:15,4
DA:16,2
DA:19,11
DA:20,6
DA:23,27
DA:25,11
DA:26,2
DA:27,4
DA:28,2
DA:31,11
DA:32,2
DA:33,4
DA:34,2
LF:19
LH:19
end_of_record
SF:/Users/marcio.padovani/Projetos/ScoreGame/terafy/server/lib/features/therapist/therapist.controller.dart
DA:9,9
DA:16,2
DA:24,2
DA:26,0
DA:27,0
DA:35,10
DA:45,3
DA:51,6
DA:57,1
DA:58,2
DA:74,1
DA:81,2
DA:89,1
DA:98,2
DA:99,4
DA:103,0
DA:105,2
DA:117,9
DA:123,9
DA:125,9
DA:126,9
DA:128,1
DA:135,18
DA:144,0
DA:145,0
DA:148,0
DA:151,0
DA:152,0
DA:159,18
DA:162,9
DA:164,9
DA:165,18
DA:168,0
DA:169,0
DA:170,0
DA:177,18
DA:178,9
DA:181,18
DA:183,9
DA:185,0
DA:186,0
DA:187,0
DA:204,3
DA:212,6
DA:221,2
DA:236,2
DA:243,4
DA:251,2
LF:48
LH:34
end_of_record
SF:/Users/marcio.padovani/Projetos/ScoreGame/terafy/server/lib/features/therapist/therapist.routes.dart
DA:10,8
DA:11,8
DA:13,32
DA:14,32
DA:15,32
DA:17,8
DA:18,24
DA:19,8
DA:20,0
DA:24,8
DA:25,0
DA:29,8
DA:30,0
LF:13
LH:10
end_of_record
SF:/Users/marcio.padovani/Projetos/ScoreGame/terafy/server/lib/features/home/home.routes.dart
DA:5,8
DA:6,8
DA:7,16
DA:9,24
LF:4
LH:4
end_of_record
